0 info it worked if it ends with ok
1 verbose cli [ '/home/darcy/.nvm/versions/node/v6.9.5/bin/node',
1 verbose cli   '/home/darcy/.nvm/versions/node/v6.9.5/bin/npm',
1 verbose cli   'run',
1 verbose cli   'test' ]
2 info using npm@3.10.10
3 info using node@v6.9.5
4 verbose run-script [ 'pretest', 'test', 'posttest' ]
5 info lifecycle 16-basic_auth@1.0.0~pretest: 16-basic_auth@1.0.0
6 silly lifecycle 16-basic_auth@1.0.0~pretest: no script for pretest, continuing
7 info lifecycle 16-basic_auth@1.0.0~test: 16-basic_auth@1.0.0
8 verbose lifecycle 16-basic_auth@1.0.0~test: unsafe-perm in lifecycle true
9 verbose lifecycle 16-basic_auth@1.0.0~test: PATH: /home/darcy/.nvm/versions/node/v6.9.5/lib/node_modules/npm/bin/node-gyp-bin:/home/darcy/code401/labs/16-basic_auth/node_modules/.bin:/home/darcy/.nvm/versions/node/v6.9.5/bin:/home/darcy/bin:/home/darcy/.local/bin:/usr/local/sbin:/usr/local/bin:/usr/sbin:/usr/bin:/sbin:/bin:/usr/games:/usr/local/games:/snap/bin
10 verbose lifecycle 16-basic_auth@1.0.0~test: CWD: /home/darcy/code401/labs/16-basic_auth
11 silly lifecycle 16-basic_auth@1.0.0~test: Args: [ '-c', 'DEBUG=\'cfgram*\' mocha' ]
12 silly lifecycle 16-basic_auth@1.0.0~test: Returned: code: 2  signal: null
13 info lifecycle 16-basic_auth@1.0.0~test: Failed to exec test script
14 verbose stack Error: 16-basic_auth@1.0.0 test: `DEBUG='cfgram*' mocha`
14 verbose stack Exit status 2
14 verbose stack     at EventEmitter.<anonymous> (/home/darcy/.nvm/versions/node/v6.9.5/lib/node_modules/npm/lib/utils/lifecycle.js:255:16)
14 verbose stack     at emitTwo (events.js:106:13)
14 verbose stack     at EventEmitter.emit (events.js:191:7)
14 verbose stack     at ChildProcess.<anonymous> (/home/darcy/.nvm/versions/node/v6.9.5/lib/node_modules/npm/lib/utils/spawn.js:40:14)
14 verbose stack     at emitTwo (events.js:106:13)
14 verbose stack     at ChildProcess.emit (events.js:191:7)
14 verbose stack     at maybeClose (internal/child_process.js:877:16)
14 verbose stack     at Process.ChildProcess._handle.onexit (internal/child_process.js:226:5)
15 verbose pkgid 16-basic_auth@1.0.0
16 verbose cwd /home/darcy/code401/labs/16-basic_auth
17 error Linux 4.4.0-66-generic
18 error argv "/home/darcy/.nvm/versions/node/v6.9.5/bin/node" "/home/darcy/.nvm/versions/node/v6.9.5/bin/npm" "run" "test"
19 error node v6.9.5
20 error npm  v3.10.10
21 error code ELIFECYCLE
22 error 16-basic_auth@1.0.0 test: `DEBUG='cfgram*' mocha`
22 error Exit status 2
23 error Failed at the 16-basic_auth@1.0.0 test script 'DEBUG='cfgram*' mocha'.
23 error Make sure you have the latest version of node.js and npm installed.
23 error If you do, this is most likely a problem with the 16-basic_auth package,
23 error not with npm itself.
23 error Tell the author that this fails on your system:
23 error     DEBUG='cfgram*' mocha
23 error You can get information on how to open an issue for this project with:
23 error     npm bugs 16-basic_auth
23 error Or if that isn't available, you can get their info via:
23 error     npm owner ls 16-basic_auth
23 error There is likely additional logging output above.
24 verbose exit [ 1, true ]
